c:\users\dongmin\desktop\git\glim\project_glim\project_glim\x64\debug\project_glim.pch
c:\users\dongmin\desktop\git\glim\project_glim\project_glim\x64\debug\vc143.pdb
c:\users\dongmin\desktop\git\glim\project_glim\project_glim\x64\debug\vc143.idb
c:\users\dongmin\desktop\git\glim\project_glim\project_glim\x64\debug\pch.obj
c:\users\dongmin\desktop\git\glim\project_glim\project_glim\x64\debug\project_glim.obj
c:\users\dongmin\desktop\git\glim\project_glim\project_glim\x64\debug\project_glimdlg.obj
c:\users\dongmin\desktop\git\glim\project_glim\x64\debug\project_glim.exe
c:\users\dongmin\desktop\git\glim\project_glim\project_glim\x64\debug\project_glim.ilk
c:\users\dongmin\desktop\git\glim\project_glim\x64\debug\project_glim.pdb
c:\users\dongmin\desktop\git\glim\project_glim\project_glim\x64\debug\projectglim.res
c:\users\dongmin\desktop\git\glim\project_glim\project_glim\x64\debug\project_glim.tlog\cl.command.1.tlog
c:\users\dongmin\desktop\git\glim\project_glim\project_glim\x64\debug\project_glim.tlog\cl.items.tlog
c:\users\dongmin\desktop\git\glim\project_glim\project_glim\x64\debug\project_glim.tlog\cl.read.1.tlog
c:\users\dongmin\desktop\git\glim\project_glim\project_glim\x64\debug\project_glim.tlog\cl.write.1.tlog
c:\users\dongmin\desktop\git\glim\project_glim\project_glim\x64\debug\project_glim.tlog\link.command.1.tlog
c:\users\dongmin\desktop\git\glim\project_glim\project_glim\x64\debug\project_glim.tlog\link.read.1.tlog
c:\users\dongmin\desktop\git\glim\project_glim\project_glim\x64\debug\project_glim.tlog\link.write.1.tlog
c:\users\dongmin\desktop\git\glim\project_glim\project_glim\x64\debug\project_glim.tlog\rc.command.1.tlog
c:\users\dongmin\desktop\git\glim\project_glim\project_glim\x64\debug\project_glim.tlog\rc.read.1.tlog
c:\users\dongmin\desktop\git\glim\project_glim\project_glim\x64\debug\project_glim.tlog\rc.write.1.tlog
