c:\users\dongmin\desktop\git\glim\project_glim\project_glim\x64\release\project_glim.pch
c:\users\dongmin\desktop\git\glim\project_glim\project_glim\x64\release\vc143.pdb
c:\users\dongmin\desktop\git\glim\project_glim\project_glim\x64\release\pch.obj
c:\users\dongmin\desktop\git\glim\project_glim\project_glim\x64\release\project_glimdlg.obj
c:\users\dongmin\desktop\git\glim\project_glim\project_glim\x64\release\project_glim.obj
c:\users\dongmin\desktop\git\glim\project_glim\x64\release\project_glim.exe
c:\users\dongmin\desktop\git\glim\project_glim\project_glim\x64\release\project_glim.ipdb
c:\users\dongmin\desktop\git\glim\project_glim\x64\release\project_glim.pdb
c:\users\dongmin\desktop\git\glim\project_glim\project_glim\x64\release\project_glim.iobj
c:\users\dongmin\desktop\git\glim\project_glim\project_glim\x64\release\projectglim.res
c:\users\dongmin\desktop\git\glim\project_glim\project_glim\x64\release\project_glim.tlog\cl.command.1.tlog
c:\users\dongmin\desktop\git\glim\project_glim\project_glim\x64\release\project_glim.tlog\cl.items.tlog
c:\users\dongmin\desktop\git\glim\project_glim\project_glim\x64\release\project_glim.tlog\cl.read.1.tlog
c:\users\dongmin\desktop\git\glim\project_glim\project_glim\x64\release\project_glim.tlog\cl.write.1.tlog
c:\users\dongmin\desktop\git\glim\project_glim\project_glim\x64\release\project_glim.tlog\link.command.1.tlog
c:\users\dongmin\desktop\git\glim\project_glim\project_glim\x64\release\project_glim.tlog\link.read.1.tlog
c:\users\dongmin\desktop\git\glim\project_glim\project_glim\x64\release\project_glim.tlog\link.write.1.tlog
c:\users\dongmin\desktop\git\glim\project_glim\project_glim\x64\release\project_glim.tlog\rc.command.1.tlog
c:\users\dongmin\desktop\git\glim\project_glim\project_glim\x64\release\project_glim.tlog\rc.read.1.tlog
c:\users\dongmin\desktop\git\glim\project_glim\project_glim\x64\release\project_glim.tlog\rc.write.1.tlog
